<?xml version="1.0" encoding="utf-8"?>
<!DOCTYPE coverage SYSTEM "http://cobertura.sourceforge.net/xml/coverage-04.dtd">
<coverage line-rate="0.8" branch-rate="1" lines-covered="12" lines-valid="15" branches-covered="0" branches-valid="0" complexity="4" version="0" timestamp="1632396929">
  <sources>
    <source>C:\</source>
    <source>D:\</source>
  </sources>
  <packages>
    <package name="ProductoSolutionTDD" line-rate="0.8" branch-rate="1" complexity="4">
      <classes>
        <class name="AutoGeneratedProgram" filename="C:\Users\USER\.nuget\packages\microsoft.net.test.sdk\16.9.4\build\netcoreapp2.1\Microsoft.NET.Test.Sdk.Program.cs" line-rate="0" branch-rate="1" complexity="1">
          <methods>
            <method name="Main" signature="(...)" line-rate="0" branch-rate="1" complexity="1">
              <lines>
                <line number="4" hits="0" branch="false" />
              </lines>
            </method>
          </methods>
          <lines>
            <line number="4" hits="0" branch="false" />
          </lines>
        </class>
        <class name="ProductoSolutionTDD.ProductoSimple" filename="D:\IsmaPCBlanco\Documentos\ISMA\Semestre 2021-2\Diseño dirigido por pruebas\Proyectos\Parcial\ProductoSolutionTDD\ProductoSolutionTDD\ProductoSolutionTest.cs" line-rate="1" branch-rate="1" complexity="2">
          <methods>
            <method name="Ingresar" signature="(...)" line-rate="1" branch-rate="1" complexity="1">
              <lines>
                <line number="50" hits="1" branch="false" />
                <line number="51" hits="1" branch="false" />
              </lines>
            </method>
            <method name=".ctor" signature="(...)" line-rate="1" branch-rate="1" complexity="1">
              <lines>
                <line number="42" hits="1" branch="false" />
                <line number="43" hits="1" branch="false" />
                <line number="44" hits="1" branch="false" />
                <line number="45" hits="1" branch="false" />
                <line number="46" hits="1" branch="false" />
                <line number="47" hits="1" branch="false" />
              </lines>
            </method>
          </methods>
          <lines>
            <line number="42" hits="1" branch="false" />
            <line number="43" hits="1" branch="false" />
            <line number="44" hits="1" branch="false" />
            <line number="45" hits="1" branch="false" />
            <line number="46" hits="1" branch="false" />
            <line number="47" hits="1" branch="false" />
            <line number="50" hits="1" branch="false" />
            <line number="51" hits="1" branch="false" />
          </lines>
        </class>
        <class name="ProductoSolutionTDD.ProductoSolutionTest" filename="D:\IsmaPCBlanco\Documentos\ISMA\Semestre 2021-2\Diseño dirigido por pruebas\Proyectos\Parcial\ProductoSolutionTDD\ProductoSolutionTDD\ProductoSolutionTest.cs" line-rate="0.6666666666666666" branch-rate="1" complexity="1">
          <methods>
            <method name="NoPuedeIngresarCantidadProductosDeMenosUno" signature="()" line-rate="0.6666666666666666" branch-rate="1" complexity="1">
              <lines>
                <line number="28" hits="1" branch="false" />
                <line number="29" hits="1" branch="false" />
                <line number="30" hits="1" branch="false" />
                <line number="31" hits="1" branch="false" />
                <line number="32" hits="0" branch="false" />
                <line number="33" hits="0" branch="false" />
              </lines>
            </method>
          </methods>
          <lines>
            <line number="28" hits="1" branch="false" />
            <line number="29" hits="1" branch="false" />
            <line number="30" hits="1" branch="false" />
            <line number="31" hits="1" branch="false" />
            <line number="32" hits="0" branch="false" />
            <line number="33" hits="0" branch="false" />
          </lines>
        </class>
      </classes>
    </package>
  </packages>
</coverage>